<?xml version="1.0" encoding="UTF-8"?>
<coverage generated="1756753492799" clover="3.2.0">
  <project timestamp="1756753492799" name="All files">
    <metrics statements="24" coveredstatements="14" conditionals="16" coveredconditionals="7" methods="9" coveredmethods="4" elements="49" coveredelements="25" complexity="0" loc="24" ncloc="24" packages="1" files="1" classes="1"/>
    <file name="HikePlanning.jsx" path="C:\Users\MASHEGO\Desktop\Integrate\Hiking-Logbook\frontend\src\pages\HikePlanning.jsx">
      <metrics statements="24" coveredstatements="14" conditionals="16" coveredconditionals="7" methods="9" coveredmethods="4"/>
      <line num="4" count="1" type="stmt"/>
      <line num="5" count="6" type="stmt"/>
      <line num="6" count="6" type="stmt"/>
      <line num="7" count="6" type="stmt"/>
      <line num="8" count="6" type="stmt"/>
      <line num="10" count="6" type="stmt"/>
      <line num="11" count="2" type="stmt"/>
      <line num="15" count="6" type="stmt"/>
      <line num="16" count="2" type="cond" truecount="1" falsecount="1"/>
      <line num="17" count="2" type="stmt"/>
      <line num="18" count="2" type="stmt"/>
      <line num="21" count="0" type="stmt"/>
      <line num="23" count="0" type="stmt"/>
      <line num="29" count="0" type="stmt"/>
      <line num="35" count="6" type="stmt"/>
      <line num="36" count="4" type="cond" truecount="3" falsecount="1"/>
      <line num="38" count="0" type="stmt"/>
      <line num="40" count="0" type="stmt"/>
      <line num="42" count="0" type="stmt"/>
      <line num="44" count="0" type="cond" truecount="0" falsecount="2"/>
      <line num="48" count="0" type="cond" truecount="0" falsecount="2"/>
      <line num="49" count="0" type="stmt"/>
      <line num="52" count="0" type="stmt"/>
      <line num="56" count="6" type="stmt"/>
    </file>
  </project>
</coverage>
