{"C:\\Users\\MASHEGO\\Desktop\\Integrate\\Hiking-Logbook\\frontend\\src\\pages\\HikePlanning.jsx": {"path":"C:\\Users\\MASHEGO\\Desktop\\Integrate\\Hiking-Logbook\\frontend\\src\\pages\\HikePlanning.jsx","statementMap":{"0":{"start":{"line":4,"column":21},"end":{"line":79,"column":1}},"1":{"start":{"line":5,"column":26},"end":{"line":5,"column":38}},"2":{"start":{"line":6,"column":32},"end":{"line":6,"column":46}},"3":{"start":{"line":7,"column":28},"end":{"line":7,"column":40}},"4":{"start":{"line":8,"column":30},"end":{"line":8,"column":44}},"5":{"start":{"line":10,"column":27},"end":{"line":12,"column":3}},"6":{"start":{"line":11,"column":4},"end":{"line":11,"column":28}},"7":{"start":{"line":15,"column":2},"end":{"line":32,"column":9}},"8":{"start":{"line":16,"column":4},"end":{"line":19,"column":5}},"9":{"start":{"line":17,"column":6},"end":{"line":17,"column":64}},"10":{"start":{"line":18,"column":6},"end":{"line":18,"column":13}},"11":{"start":{"line":21,"column":4},"end":{"line":31,"column":6}},"12":{"start":{"line":23,"column":8},"end":{"line":26,"column":11}},"13":{"start":{"line":29,"column":8},"end":{"line":29,"column":54}},"14":{"start":{"line":35,"column":2},"end":{"line":54,"column":21}},"15":{"start":{"line":36,"column":4},"end":{"line":36,"column":33}},"16":{"start":{"line":36,"column":26},"end":{"line":36,"column":33}},"17":{"start":{"line":38,"column":4},"end":{"line":53,"column":9}},"18":{"start":{"line":40,"column":34},"end":{"line":40,"column":65}},"19":{"start":{"line":42,"column":28},"end":{"line":46,"column":9}},"20":{"start":{"line":44,"column":12},"end":{"line":45,"column":51}},"21":{"start":{"line":48,"column":8},"end":{"line":48,"column":48}},"22":{"start":{"line":49,"column":8},"end":{"line":49,"column":21}},"23":{"start":{"line":52,"column":8},"end":{"line":52,"column":49}},"24":{"start":{"line":56,"column":2},"end":{"line":78,"column":4}}},"fnMap":{"0":{"name":"(anonymous_0)","decl":{"start":{"line":4,"column":21},"end":{"line":4,"column":22}},"loc":{"start":{"line":4,"column":27},"end":{"line":79,"column":1}},"line":4},"1":{"name":"(anonymous_1)","decl":{"start":{"line":10,"column":27},"end":{"line":10,"column":28}},"loc":{"start":{"line":10,"column":34},"end":{"line":12,"column":3}},"line":10},"2":{"name":"(anonymous_2)","decl":{"start":{"line":15,"column":12},"end":{"line":15,"column":13}},"loc":{"start":{"line":15,"column":18},"end":{"line":32,"column":3}},"line":15},"3":{"name":"(anonymous_3)","decl":{"start":{"line":22,"column":6},"end":{"line":22,"column":7}},"loc":{"start":{"line":22,"column":20},"end":{"line":27,"column":7}},"line":22},"4":{"name":"(anonymous_4)","decl":{"start":{"line":28,"column":6},"end":{"line":28,"column":7}},"loc":{"start":{"line":28,"column":12},"end":{"line":30,"column":7}},"line":28},"5":{"name":"(anonymous_5)","decl":{"start":{"line":35,"column":12},"end":{"line":35,"column":13}},"loc":{"start":{"line":35,"column":18},"end":{"line":54,"column":3}},"line":35},"6":{"name":"(anonymous_6)","decl":{"start":{"line":39,"column":12},"end":{"line":39,"column":13}},"loc":{"start":{"line":39,"column":22},"end":{"line":50,"column":7}},"line":39},"7":{"name":"(anonymous_7)","decl":{"start":{"line":43,"column":10},"end":{"line":43,"column":11}},"loc":{"start":{"line":44,"column":12},"end":{"line":45,"column":51}},"line":44},"8":{"name":"(anonymous_8)","decl":{"start":{"line":51,"column":13},"end":{"line":51,"column":14}},"loc":{"start":{"line":51,"column":19},"end":{"line":53,"column":7}},"line":51}},"branchMap":{"0":{"loc":{"start":{"line":16,"column":4},"end":{"line":19,"column":5}},"type":"if","locations":[{"start":{"line":16,"column":4},"end":{"line":19,"column":5}},{"start":{},"end":{}}],"line":16},"1":{"loc":{"start":{"line":36,"column":4},"end":{"line":36,"column":33}},"type":"if","locations":[{"start":{"line":36,"column":4},"end":{"line":36,"column":33}},{"start":{},"end":{}}],"line":36},"2":{"loc":{"start":{"line":36,"column":8},"end":{"line":36,"column":24}},"type":"binary-expr","locations":[{"start":{"line":36,"column":8},"end":{"line":36,"column":13}},{"start":{"line":36,"column":17},"end":{"line":36,"column":24}}],"line":36},"3":{"loc":{"start":{"line":44,"column":12},"end":{"line":45,"column":51}},"type":"binary-expr","locations":[{"start":{"line":44,"column":12},"end":{"line":44,"column":37}},{"start":{"line":45,"column":12},"end":{"line":45,"column":51}}],"line":44},"4":{"loc":{"start":{"line":48,"column":19},"end":{"line":48,"column":46}},"type":"binary-expr","locations":[{"start":{"line":48,"column":19},"end":{"line":48,"column":30}},{"start":{"line":48,"column":34},"end":{"line":48,"column":46}}],"line":48},"5":{"loc":{"start":{"line":68,"column":9},"end":{"line":68,"column":62}},"type":"binary-expr","locations":[{"start":{"line":68,"column":9},"end":{"line":68,"column":14}},{"start":{"line":68,"column":18},"end":{"line":68,"column":62}}],"line":68},"6":{"loc":{"start":{"line":69,"column":9},"end":{"line":75,"column":9}},"type":"binary-expr","locations":[{"start":{"line":69,"column":9},"end":{"line":69,"column":16}},{"start":{"line":70,"column":10},"end":{"line":74,"column":16}}],"line":69},"7":{"loc":{"start":{"line":72,"column":29},"end":{"line":72,"column":62}},"type":"binary-expr","locations":[{"start":{"line":72,"column":29},"end":{"line":72,"column":46}},{"start":{"line":72,"column":50},"end":{"line":72,"column":62}}],"line":72}},"s":{"0":1,"1":6,"2":6,"3":6,"4":6,"5":6,"6":2,"7":6,"8":2,"9":2,"10":2,"11":0,"12":0,"13":0,"14":6,"15":4,"16":4,"17":0,"18":0,"19":0,"20":0,"21":0,"22":0,"23":0,"24":6},"f":{"0":6,"1":2,"2":2,"3":0,"4":0,"5":4,"6":0,"7":0,"8":0},"b":{"0":[2,0],"1":[4,0],"2":[4,2],"3":[0,0],"4":[0,0],"5":[6,4],"6":[6,0],"7":[0,0]},"_coverageSchema":"1a1c01bbd47fc00a2c39e90264f33305004495a9","hash":"f15ec320d7d2358e10903f935e9ce17040ae126d"}
}
