TN:
SF:src\pages\HikePlanning.jsx
FN:4,(anonymous_0)
FN:10,(anonymous_1)
FN:15,(anonymous_2)
FN:22,(anonymous_3)
FN:28,(anonymous_4)
FN:35,(anonymous_5)
FN:39,(anonymous_6)
FN:43,(anonymous_7)
FN:51,(anonymous_8)
FNF:9
FNH:4
FNDA:6,(anonymous_0)
FNDA:2,(anonymous_1)
FNDA:2,(anonymous_2)
FNDA:0,(anonymous_3)
FNDA:0,(anonymous_4)
FNDA:4,(anonymous_5)
FNDA:0,(anonymous_6)
FNDA:0,(anonymous_7)
FNDA:0,(anonymous_8)
DA:4,1
DA:5,6
DA:6,6
DA:7,6
DA:8,6
DA:10,6
DA:11,2
DA:15,6
DA:16,2
DA:17,2
DA:18,2
DA:21,0
DA:23,0
DA:29,0
DA:35,6
DA:36,4
DA:38,0
DA:40,0
DA:42,0
DA:44,0
DA:48,0
DA:49,0
DA:52,0
DA:56,6
LF:24
LH:14
BRDA:16,0,0,2
BRDA:16,0,1,0
BRDA:36,1,0,4
BRDA:36,1,1,0
BRDA:36,2,0,4
BRDA:36,2,1,2
BRDA:44,3,0,0
BRDA:44,3,1,0
BRDA:48,4,0,0
BRDA:48,4,1,0
BRDA:68,5,0,6
BRDA:68,5,1,4
BRDA:69,6,0,6
BRDA:69,6,1,0
BRDA:72,7,0,0
BRDA:72,7,1,0
BRF:16
BRH:7
end_of_record
