{"C:\\Users\\MASHEGO\\Desktop\\WritingTests\\Hiking-Logbook\\backend\\server.js": {"path":"C:\\Users\\MASHEGO\\Desktop\\WritingTests\\Hiking-Logbook\\backend\\server.js","statementMap":{"0":{"start":{"line":1,"column":16},"end":{"line":1,"column":34}},"1":{"start":{"line":2,"column":13},"end":{"line":2,"column":28}},"2":{"start":{"line":3,"column":15},"end":{"line":3,"column":39}},"3":{"start":{"line":4,"column":25},"end":{"line":4,"column":57}},"4":{"start":{"line":5,"column":13},"end":{"line":5,"column":28}},"5":{"start":{"line":6,"column":12},"end":{"line":6,"column":21}},"6":{"start":{"line":7,"column":13},"end":{"line":7,"column":37}},"7":{"start":{"line":8,"column":0},"end":{"line":8,"column":24}},"8":{"start":{"line":10,"column":22},"end":{"line":10,"column":58}},"9":{"start":{"line":11,"column":65},"end":{"line":11,"column":104}},"10":{"start":{"line":12,"column":45},"end":{"line":12,"column":78}},"11":{"start":{"line":13,"column":50},"end":{"line":13,"column":88}},"12":{"start":{"line":14,"column":26},"end":{"line":14,"column":61}},"13":{"start":{"line":16,"column":77},"end":{"line":16,"column":115}},"14":{"start":{"line":17,"column":22},"end":{"line":17,"column":57}},"15":{"start":{"line":18,"column":21},"end":{"line":18,"column":56}},"16":{"start":{"line":19,"column":21},"end":{"line":19,"column":56}},"17":{"start":{"line":20,"column":21},"end":{"line":20,"column":58}},"18":{"start":{"line":22,"column":0},"end":{"line":22,"column":51}},"19":{"start":{"line":23,"column":0},"end":{"line":25,"column":3}},"20":{"start":{"line":24,"column":2},"end":{"line":24,"column":34}},"21":{"start":{"line":27,"column":20},"end":{"line":27,"column":49}},"22":{"start":{"line":28,"column":20},"end":{"line":28,"column":54}},"23":{"start":{"line":29,"column":17},"end":{"line":34,"column":2}},"24":{"start":{"line":36,"column":0},"end":{"line":36,"column":32}},"25":{"start":{"line":38,"column":0},"end":{"line":38,"column":41}},"26":{"start":{"line":39,"column":0},"end":{"line":39,"column":41}},"27":{"start":{"line":40,"column":0},"end":{"line":40,"column":41}},"28":{"start":{"line":41,"column":0},"end":{"line":41,"column":36}},"29":{"start":{"line":42,"column":0},"end":{"line":42,"column":28}},"30":{"start":{"line":43,"column":0},"end":{"line":43,"column":28}},"31":{"start":{"line":44,"column":0},"end":{"line":44,"column":44}},"32":{"start":{"line":46,"column":0},"end":{"line":46,"column":36}},"33":{"start":{"line":48,"column":0},"end":{"line":48,"column":49}},"34":{"start":{"line":49,"column":0},"end":{"line":49,"column":43}},"35":{"start":{"line":50,"column":0},"end":{"line":50,"column":32}},"36":{"start":{"line":52,"column":0},"end":{"line":52,"column":32}},"37":{"start":{"line":53,"column":0},"end":{"line":53,"column":32}},"38":{"start":{"line":55,"column":0},"end":{"line":55,"column":45}},"39":{"start":{"line":56,"column":0},"end":{"line":56,"column":51}},"40":{"start":{"line":57,"column":0},"end":{"line":57,"column":56}},"41":{"start":{"line":59,"column":0},"end":{"line":59,"column":31}},"42":{"start":{"line":61,"column":0},"end":{"line":62,"column":3}},"43":{"start":{"line":64,"column":0},"end":{"line":77,"column":3}},"44":{"start":{"line":65,"column":26},"end":{"line":68,"column":45}},"45":{"start":{"line":70,"column":2},"end":{"line":72,"column":3}},"46":{"start":{"line":71,"column":4},"end":{"line":71,"column":58}},"47":{"start":{"line":73,"column":2},"end":{"line":76,"column":5}},"48":{"start":{"line":81,"column":0},"end":{"line":97,"column":3}},"49":{"start":{"line":82,"column":29},"end":{"line":82,"column":37}},"50":{"start":{"line":83,"column":26},"end":{"line":87,"column":13}},"51":{"start":{"line":89,"column":4},"end":{"line":96,"column":3}},"52":{"start":{"line":90,"column":4},"end":{"line":90,"column":58}},"53":{"start":{"line":92,"column":4},"end":{"line":95,"column":7}},"54":{"start":{"line":99,"column":0},"end":{"line":99,"column":38}},"55":{"start":{"line":101,"column":0},"end":{"line":101,"column":21}},"56":{"start":{"line":105,"column":0},"end":{"line":121,"column":5}},"57":{"start":{"line":106,"column":21},"end":{"line":106,"column":31}},"58":{"start":{"line":107,"column":25},"end":{"line":111,"column":21}},"59":{"start":{"line":113,"column":2},"end":{"line":115,"column":3}},"60":{"start":{"line":114,"column":4},"end":{"line":114,"column":58}},"61":{"start":{"line":117,"column":2},"end":{"line":120,"column":5}}},"fnMap":{"0":{"name":"(anonymous_0)","decl":{"start":{"line":23,"column":13},"end":{"line":23,"column":14}},"loc":{"start":{"line":23,"column":27},"end":{"line":25,"column":1}},"line":23},"1":{"name":"(anonymous_1)","decl":{"start":{"line":61,"column":28},"end":{"line":61,"column":29}},"loc":{"start":{"line":61,"column":34},"end":{"line":62,"column":1}},"line":61},"2":{"name":"(anonymous_2)","decl":{"start":{"line":64,"column":18},"end":{"line":64,"column":19}},"loc":{"start":{"line":64,"column":38},"end":{"line":77,"column":1}},"line":64},"3":{"name":"(anonymous_3)","decl":{"start":{"line":81,"column":23},"end":{"line":81,"column":24}},"loc":{"start":{"line":81,"column":43},"end":{"line":97,"column":1}},"line":81},"4":{"name":"(anonymous_4)","decl":{"start":{"line":105,"column":31},"end":{"line":105,"column":32}},"loc":{"start":{"line":105,"column":50},"end":{"line":121,"column":3}},"line":105}},"branchMap":{"0":{"loc":{"start":{"line":7,"column":13},"end":{"line":7,"column":37}},"type":"binary-expr","locations":[{"start":{"line":7,"column":13},"end":{"line":7,"column":29}},{"start":{"line":7,"column":33},"end":{"line":7,"column":37}}],"line":7},"1":{"loc":{"start":{"line":70,"column":2},"end":{"line":72,"column":3}},"type":"if","locations":[{"start":{"line":70,"column":2},"end":{"line":72,"column":3}},{"start":{},"end":{}}],"line":70},"2":{"loc":{"start":{"line":89,"column":4},"end":{"line":96,"column":3}},"type":"if","locations":[{"start":{"line":89,"column":4},"end":{"line":96,"column":3}},{"start":{"line":91,"column":7},"end":{"line":96,"column":3}}],"line":89},"3":{"loc":{"start":{"line":113,"column":2},"end":{"line":115,"column":3}},"type":"if","locations":[{"start":{"line":113,"column":2},"end":{"line":115,"column":3}},{"start":{},"end":{}}],"line":113}},"s":{"0":2,"1":2,"2":2,"3":2,"4":2,"5":2,"6":2,"7":2,"8":2,"9":2,"10":2,"11":2,"12":2,"13":2,"14":2,"15":2,"16":2,"17":2,"18":2,"19":2,"20":0,"21":2,"22":2,"23":2,"24":2,"25":2,"26":2,"27":2,"28":2,"29":2,"30":2,"31":2,"32":2,"33":2,"34":2,"35":2,"36":2,"37":2,"38":2,"39":2,"40":2,"41":2,"42":2,"43":2,"44":0,"45":0,"46":0,"47":0,"48":2,"49":0,"50":0,"51":0,"52":0,"53":0,"54":2,"55":2,"56":2,"57":3,"58":3,"59":3,"60":1,"61":2},"f":{"0":0,"1":2,"2":0,"3":0,"4":3},"b":{"0":[2,2],"1":[0,0],"2":[0,0],"3":[1,2]},"_coverageSchema":"1a1c01bbd47fc00a2c39e90264f33305004495a9","hash":"ecaa34ee6716ca6e914039b55568bd3aa9089ebe"}
,"C:\\Users\\MASHEGO\\Desktop\\WritingTests\\Hiking-Logbook\\backend\\auth\\auth.controller.js": {"path":"C:\\Users\\MASHEGO\\Desktop\\WritingTests\\Hiking-Logbook\\backend\\auth\\auth.controller.js","statementMap":{"0":{"start":{"line":1,"column":25},"end":{"line":1,"column":57}},"1":{"start":{"line":2,"column":18},"end":{"line":2,"column":47}},"2":{"start":{"line":3,"column":18},"end":{"line":3,"column":52}},"3":{"start":{"line":5,"column":16},"end":{"line":10,"column":2}},"4":{"start":{"line":14,"column":13},"end":{"line":38,"column":1}},"5":{"start":{"line":15,"column":30},"end":{"line":15,"column":38}},"6":{"start":{"line":17,"column":26},"end":{"line":20,"column":4}},"7":{"start":{"line":22,"column":2},"end":{"line":24,"column":3}},"8":{"start":{"line":23,"column":4},"end":{"line":23,"column":58}},"9":{"start":{"line":26,"column":2},"end":{"line":31,"column":5}},"10":{"start":{"line":33,"column":2},"end":{"line":37,"column":5}},"11":{"start":{"line":40,"column":24},"end":{"line":57,"column":1}},"12":{"start":{"line":42,"column":31},"end":{"line":42,"column":39}},"13":{"start":{"line":43,"column":22},"end":{"line":43,"column":52}},"14":{"start":{"line":45,"column":28},"end":{"line":48,"column":6}},"15":{"start":{"line":50,"column":2},"end":{"line":52,"column":3}},"16":{"start":{"line":51,"column":4},"end":{"line":51,"column":58}},"17":{"start":{"line":54,"column":2},"end":{"line":54,"column":37}},"18":{"start":{"line":59,"column":13},"end":{"line":78,"column":1}},"19":{"start":{"line":60,"column":51},"end":{"line":60,"column":59}},"20":{"start":{"line":62,"column":26},"end":{"line":71,"column":4}},"21":{"start":{"line":73,"column":2},"end":{"line":75,"column":3}},"22":{"start":{"line":74,"column":4},"end":{"line":74,"column":58}},"23":{"start":{"line":77,"column":2},"end":{"line":77,"column":44}},"24":{"start":{"line":81,"column":0},"end":{"line":83,"column":1}}},"fnMap":{"0":{"name":"(anonymous_0)","decl":{"start":{"line":14,"column":13},"end":{"line":14,"column":14}},"loc":{"start":{"line":14,"column":33},"end":{"line":38,"column":1}},"line":14},"1":{"name":"(anonymous_1)","decl":{"start":{"line":40,"column":24},"end":{"line":40,"column":25}},"loc":{"start":{"line":40,"column":44},"end":{"line":57,"column":1}},"line":40},"2":{"name":"(anonymous_2)","decl":{"start":{"line":59,"column":13},"end":{"line":59,"column":14}},"loc":{"start":{"line":59,"column":33},"end":{"line":78,"column":1}},"line":59}},"branchMap":{"0":{"loc":{"start":{"line":22,"column":2},"end":{"line":24,"column":3}},"type":"if","locations":[{"start":{"line":22,"column":2},"end":{"line":24,"column":3}},{"start":{},"end":{}}],"line":22},"1":{"loc":{"start":{"line":50,"column":2},"end":{"line":52,"column":3}},"type":"if","locations":[{"start":{"line":50,"column":2},"end":{"line":52,"column":3}},{"start":{},"end":{}}],"line":50},"2":{"loc":{"start":{"line":73,"column":2},"end":{"line":75,"column":3}},"type":"if","locations":[{"start":{"line":73,"column":2},"end":{"line":75,"column":3}},{"start":{},"end":{}}],"line":73}},"s":{"0":3,"1":3,"2":3,"3":3,"4":3,"5":2,"6":2,"7":2,"8":1,"9":1,"10":1,"11":3,"12":2,"13":2,"14":2,"15":2,"16":1,"17":1,"18":3,"19":2,"20":2,"21":2,"22":1,"23":1,"24":3},"f":{"0":2,"1":2,"2":2},"b":{"0":[1,1],"1":[1,1],"2":[1,1]},"_coverageSchema":"1a1c01bbd47fc00a2c39e90264f33305004495a9","hash":"b05e09024fe7ff9696effb4e71e1d66dbc029a97"}
,"C:\\Users\\MASHEGO\\Desktop\\WritingTests\\Hiking-Logbook\\backend\\endpoints\\weatherAPI.js": {"path":"C:\\Users\\MASHEGO\\Desktop\\WritingTests\\Hiking-Logbook\\backend\\endpoints\\weatherAPI.js","statementMap":{"0":{"start":{"line":1,"column":16},"end":{"line":1,"column":34}},"1":{"start":{"line":4,"column":15},"end":{"line":4,"column":31}},"2":{"start":{"line":6,"column":0},"end":{"line":29,"column":3}},"3":{"start":{"line":7,"column":16},"end":{"line":7,"column":29}},"4":{"start":{"line":8,"column":16},"end":{"line":8,"column":29}},"5":{"start":{"line":9,"column":20},"end":{"line":9,"column":52}},"6":{"start":{"line":12,"column":4},"end":{"line":27,"column":5}},"7":{"start":{"line":13,"column":8},"end":{"line":13,"column":86}},"8":{"start":{"line":16,"column":8},"end":{"line":26,"column":9}},"9":{"start":{"line":17,"column":29},"end":{"line":19,"column":13}},"10":{"start":{"line":21,"column":25},"end":{"line":21,"column":46}},"11":{"start":{"line":22,"column":12},"end":{"line":22,"column":27}},"12":{"start":{"line":25,"column":12},"end":{"line":25,"column":71}},"13":{"start":{"line":32,"column":0},"end":{"line":32,"column":24}}},"fnMap":{"0":{"name":"(anonymous_0)","decl":{"start":{"line":6,"column":24},"end":{"line":6,"column":25}},"loc":{"start":{"line":6,"column":41},"end":{"line":29,"column":1}},"line":6}},"branchMap":{"0":{"loc":{"start":{"line":12,"column":4},"end":{"line":27,"column":5}},"type":"if","locations":[{"start":{"line":12,"column":4},"end":{"line":27,"column":5}},{"start":{"line":14,"column":9},"end":{"line":27,"column":5}}],"line":12},"1":{"loc":{"start":{"line":12,"column":8},"end":{"line":12,"column":20}},"type":"binary-expr","locations":[{"start":{"line":12,"column":8},"end":{"line":12,"column":12}},{"start":{"line":12,"column":16},"end":{"line":12,"column":20}}],"line":12}},"s":{"0":2,"1":2,"2":2,"3":3,"4":3,"5":3,"6":3,"7":1,"8":2,"9":2,"10":1,"11":1,"12":1,"13":2},"f":{"0":3},"b":{"0":[1,2],"1":[3,2]},"_coverageSchema":"1a1c01bbd47fc00a2c39e90264f33305004495a9","hash":"688c233df777effb601d88625e29980b97c57dfc"}
,"C:\\Users\\MASHEGO\\Desktop\\WritingTests\\Hiking-Logbook\\backend\\friends\\friends.controller.js": {"path":"C:\\Users\\MASHEGO\\Desktop\\WritingTests\\Hiking-Logbook\\backend\\friends\\friends.controller.js","statementMap":{"0":{"start":{"line":1,"column":25},"end":{"line":1,"column":57}},"1":{"start":{"line":2,"column":18},"end":{"line":2,"column":47}},"2":{"start":{"line":3,"column":18},"end":{"line":3,"column":52}},"3":{"start":{"line":4,"column":16},"end":{"line":9,"column":2}},"4":{"start":{"line":14,"column":20},"end":{"line":42,"column":1}},"5":{"start":{"line":15,"column":31},"end":{"line":15,"column":39}},"6":{"start":{"line":17,"column":2},"end":{"line":41,"column":3}},"7":{"start":{"line":19,"column":49},"end":{"line":20,"column":49}},"8":{"start":{"line":22,"column":4},"end":{"line":25,"column":5}},"9":{"start":{"line":23,"column":6},"end":{"line":23,"column":62}},"10":{"start":{"line":24,"column":6},"end":{"line":24,"column":64}},"11":{"start":{"line":27,"column":57},"end":{"line":30,"column":5}},"12":{"start":{"line":32,"column":4},"end":{"line":35,"column":5}},"13":{"start":{"line":33,"column":6},"end":{"line":33,"column":70}},"14":{"start":{"line":34,"column":6},"end":{"line":34,"column":68}},"15":{"start":{"line":37,"column":4},"end":{"line":37,"column":80}},"16":{"start":{"line":39,"column":4},"end":{"line":39,"column":44}},"17":{"start":{"line":40,"column":4},"end":{"line":40,"column":67}},"18":{"start":{"line":45,"column":20},"end":{"line":71,"column":1}},"19":{"start":{"line":46,"column":31},"end":{"line":46,"column":39}},"20":{"start":{"line":48,"column":2},"end":{"line":70,"column":3}},"21":{"start":{"line":50,"column":51},"end":{"line":51,"column":49}},"22":{"start":{"line":53,"column":4},"end":{"line":56,"column":5}},"23":{"start":{"line":54,"column":6},"end":{"line":54,"column":65}},"24":{"start":{"line":55,"column":6},"end":{"line":55,"column":66}},"25":{"start":{"line":58,"column":53},"end":{"line":59,"column":48}},"26":{"start":{"line":61,"column":4},"end":{"line":64,"column":5}},"27":{"start":{"line":62,"column":6},"end":{"line":62,"column":89}},"28":{"start":{"line":63,"column":6},"end":{"line":63,"column":66}},"29":{"start":{"line":66,"column":4},"end":{"line":66,"column":77}},"30":{"start":{"line":68,"column":4},"end":{"line":68,"column":44}},"31":{"start":{"line":69,"column":4},"end":{"line":69,"column":67}},"32":{"start":{"line":75,"column":20},"end":{"line":101,"column":1}},"33":{"start":{"line":76,"column":31},"end":{"line":76,"column":39}},"34":{"start":{"line":78,"column":2},"end":{"line":100,"column":3}},"35":{"start":{"line":80,"column":51},"end":{"line":81,"column":49}},"36":{"start":{"line":83,"column":4},"end":{"line":86,"column":5}},"37":{"start":{"line":84,"column":6},"end":{"line":84,"column":65}},"38":{"start":{"line":85,"column":6},"end":{"line":85,"column":66}},"39":{"start":{"line":88,"column":53},"end":{"line":89,"column":48}},"40":{"start":{"line":91,"column":4},"end":{"line":94,"column":5}},"41":{"start":{"line":92,"column":6},"end":{"line":92,"column":89}},"42":{"start":{"line":93,"column":6},"end":{"line":93,"column":66}},"43":{"start":{"line":96,"column":4},"end":{"line":96,"column":77}},"44":{"start":{"line":98,"column":4},"end":{"line":98,"column":44}},"45":{"start":{"line":99,"column":4},"end":{"line":99,"column":67}},"46":{"start":{"line":104,"column":18},"end":{"line":125,"column":1}},"47":{"start":{"line":105,"column":18},"end":{"line":105,"column":27}},"48":{"start":{"line":106,"column":2},"end":{"line":123,"column":3}},"49":{"start":{"line":107,"column":36},"end":{"line":111,"column":13}},"50":{"start":{"line":113,"column":4},"end":{"line":116,"column":5}},"51":{"start":{"line":114,"column":6},"end":{"line":114,"column":69}},"52":{"start":{"line":115,"column":6},"end":{"line":115,"column":66}},"53":{"start":{"line":118,"column":24},"end":{"line":118,"column":93}},"54":{"start":{"line":119,"column":4},"end":{"line":119,"column":48}},"55":{"start":{"line":121,"column":4},"end":{"line":121,"column":44}},"56":{"start":{"line":122,"column":4},"end":{"line":122,"column":67}},"57":{"start":{"line":128,"column":0},"end":{"line":130,"column":1}}},"fnMap":{"0":{"name":"(anonymous_0)","decl":{"start":{"line":14,"column":20},"end":{"line":14,"column":21}},"loc":{"start":{"line":14,"column":40},"end":{"line":42,"column":1}},"line":14},"1":{"name":"(anonymous_1)","decl":{"start":{"line":45,"column":20},"end":{"line":45,"column":21}},"loc":{"start":{"line":45,"column":40},"end":{"line":71,"column":1}},"line":45},"2":{"name":"(anonymous_2)","decl":{"start":{"line":75,"column":20},"end":{"line":75,"column":21}},"loc":{"start":{"line":75,"column":40},"end":{"line":101,"column":1}},"line":75},"3":{"name":"(anonymous_3)","decl":{"start":{"line":104,"column":18},"end":{"line":104,"column":19}},"loc":{"start":{"line":104,"column":35},"end":{"line":125,"column":1}},"line":104}},"branchMap":{"0":{"loc":{"start":{"line":22,"column":4},"end":{"line":25,"column":5}},"type":"if","locations":[{"start":{"line":22,"column":4},"end":{"line":25,"column":5}},{"start":{},"end":{}}],"line":22},"1":{"loc":{"start":{"line":32,"column":4},"end":{"line":35,"column":5}},"type":"if","locations":[{"start":{"line":32,"column":4},"end":{"line":35,"column":5}},{"start":{},"end":{}}],"line":32},"2":{"loc":{"start":{"line":53,"column":4},"end":{"line":56,"column":5}},"type":"if","locations":[{"start":{"line":53,"column":4},"end":{"line":56,"column":5}},{"start":{},"end":{}}],"line":53},"3":{"loc":{"start":{"line":61,"column":4},"end":{"line":64,"column":5}},"type":"if","locations":[{"start":{"line":61,"column":4},"end":{"line":64,"column":5}},{"start":{},"end":{}}],"line":61},"4":{"loc":{"start":{"line":83,"column":4},"end":{"line":86,"column":5}},"type":"if","locations":[{"start":{"line":83,"column":4},"end":{"line":86,"column":5}},{"start":{},"end":{}}],"line":83},"5":{"loc":{"start":{"line":91,"column":4},"end":{"line":94,"column":5}},"type":"if","locations":[{"start":{"line":91,"column":4},"end":{"line":94,"column":5}},{"start":{},"end":{}}],"line":91},"6":{"loc":{"start":{"line":113,"column":4},"end":{"line":116,"column":5}},"type":"if","locations":[{"start":{"line":113,"column":4},"end":{"line":116,"column":5}},{"start":{},"end":{}}],"line":113},"7":{"loc":{"start":{"line":118,"column":24},"end":{"line":118,"column":93}},"type":"binary-expr","locations":[{"start":{"line":118,"column":24},"end":{"line":118,"column":40}},{"start":{"line":118,"column":44},"end":{"line":118,"column":93}}],"line":118}},"s":{"0":3,"1":3,"2":3,"3":3,"4":3,"5":4,"6":4,"7":4,"8":3,"9":1,"10":1,"11":2,"12":2,"13":1,"14":1,"15":1,"16":1,"17":1,"18":3,"19":4,"20":4,"21":4,"22":3,"23":1,"24":1,"25":2,"26":2,"27":1,"28":1,"29":1,"30":1,"31":1,"32":3,"33":4,"34":4,"35":4,"36":3,"37":1,"38":1,"39":2,"40":2,"41":1,"42":1,"43":1,"44":1,"45":1,"46":3,"47":4,"48":4,"49":4,"50":3,"51":1,"52":1,"53":2,"54":2,"55":1,"56":1,"57":3},"f":{"0":4,"1":4,"2":4,"3":4},"b":{"0":[1,2],"1":[1,1],"2":[1,2],"3":[1,1],"4":[1,2],"5":[1,1],"6":[1,2],"7":[2,1]},"_coverageSchema":"1a1c01bbd47fc00a2c39e90264f33305004495a9","hash":"7d20f3c88c970b4b2b3f946b07271dd81aa04705"}
,"C:\\Users\\MASHEGO\\Desktop\\WritingTests\\Hiking-Logbook\\backend\\goals\\goals.controller.js": {"path":"C:\\Users\\MASHEGO\\Desktop\\WritingTests\\Hiking-Logbook\\backend\\goals\\goals.controller.js","statementMap":{"0":{"start":{"line":1,"column":25},"end":{"line":1,"column":57}},"1":{"start":{"line":2,"column":18},"end":{"line":2,"column":47}},"2":{"start":{"line":3,"column":18},"end":{"line":3,"column":52}},"3":{"start":{"line":4,"column":16},"end":{"line":9,"column":2}},"4":{"start":{"line":15,"column":16},"end":{"line":36,"column":1}},"5":{"start":{"line":16,"column":18},"end":{"line":16,"column":27}},"6":{"start":{"line":17,"column":2},"end":{"line":34,"column":3}},"7":{"start":{"line":18,"column":36},"end":{"line":21,"column":24}},"8":{"start":{"line":24,"column":4},"end":{"line":27,"column":5}},"9":{"start":{"line":25,"column":6},"end":{"line":25,"column":67}},"10":{"start":{"line":26,"column":6},"end":{"line":26,"column":66}},"11":{"start":{"line":30,"column":4},"end":{"line":30,"column":40}},"12":{"start":{"line":32,"column":4},"end":{"line":32,"column":44}},"13":{"start":{"line":33,"column":4},"end":{"line":33,"column":67}},"14":{"start":{"line":39,"column":0},"end":{"line":41,"column":1}}},"fnMap":{"0":{"name":"(anonymous_0)","decl":{"start":{"line":15,"column":16},"end":{"line":15,"column":17}},"loc":{"start":{"line":15,"column":33},"end":{"line":36,"column":1}},"line":15}},"branchMap":{"0":{"loc":{"start":{"line":24,"column":4},"end":{"line":27,"column":5}},"type":"if","locations":[{"start":{"line":24,"column":4},"end":{"line":27,"column":5}},{"start":{},"end":{}}],"line":24}},"s":{"0":3,"1":3,"2":3,"3":3,"4":3,"5":3,"6":3,"7":3,"8":2,"9":1,"10":1,"11":1,"12":1,"13":1,"14":3},"f":{"0":3},"b":{"0":[1,1]},"_coverageSchema":"1a1c01bbd47fc00a2c39e90264f33305004495a9","hash":"4ad393e7c15240b1cb9cddd69244ec6dda81f1c5"}
,"C:\\Users\\MASHEGO\\Desktop\\WritingTests\\Hiking-Logbook\\backend\\hikeData\\CreateNewHike.js": {"path":"C:\\Users\\MASHEGO\\Desktop\\WritingTests\\Hiking-Logbook\\backend\\hikeData\\CreateNewHike.js","statementMap":{"0":{"start":{"line":1,"column":25},"end":{"line":1,"column":57}},"1":{"start":{"line":2,"column":18},"end":{"line":2,"column":47}},"2":{"start":{"line":3,"column":18},"end":{"line":3,"column":52}},"3":{"start":{"line":4,"column":16},"end":{"line":9,"column":2}},"4":{"start":{"line":10,"column":22},"end":{"line":54,"column":1}},"5":{"start":{"line":11,"column":2},"end":{"line":11,"column":52}},"6":{"start":{"line":21,"column":22},"end":{"line":21,"column":31}},"7":{"start":{"line":22,"column":2},"end":{"line":52,"column":5}},"8":{"start":{"line":23,"column":27},"end":{"line":39,"column":23}},"9":{"start":{"line":40,"column":4},"end":{"line":42,"column":12}},"10":{"start":{"line":41,"column":4},"end":{"line":41,"column":58}},"11":{"start":{"line":44,"column":6},"end":{"line":48,"column":5}},"12":{"start":{"line":51,"column":8},"end":{"line":51,"column":60}},"13":{"start":{"line":60,"column":0},"end":{"line":62,"column":1}}},"fnMap":{"0":{"name":"(anonymous_0)","decl":{"start":{"line":10,"column":22},"end":{"line":10,"column":23}},"loc":{"start":{"line":10,"column":40},"end":{"line":54,"column":1}},"line":10}},"branchMap":{"0":{"loc":{"start":{"line":40,"column":4},"end":{"line":42,"column":12}},"type":"if","locations":[{"start":{"line":40,"column":4},"end":{"line":42,"column":12}},{"start":{},"end":{}}],"line":40}},"s":{"0":3,"1":3,"2":3,"3":3,"4":3,"5":3,"6":3,"7":3,"8":3,"9":2,"10":1,"11":1,"12":1,"13":3},"f":{"0":3},"b":{"0":[1,1]},"_coverageSchema":"1a1c01bbd47fc00a2c39e90264f33305004495a9","hash":"944cafc4a76aba181566227eb5f04527f3b34cac"}
,"C:\\Users\\MASHEGO\\Desktop\\WritingTests\\Hiking-Logbook\\backend\\hikeData\\hikes.controller.js": {"path":"C:\\Users\\MASHEGO\\Desktop\\WritingTests\\Hiking-Logbook\\backend\\hikeData\\hikes.controller.js","statementMap":{"0":{"start":{"line":1,"column":25},"end":{"line":1,"column":57}},"1":{"start":{"line":3,"column":20},"end":{"line":3,"column":49}},"2":{"start":{"line":4,"column":20},"end":{"line":4,"column":54}},"3":{"start":{"line":5,"column":17},"end":{"line":10,"column":2}},"4":{"start":{"line":13,"column":28},"end":{"line":35,"column":1}},"5":{"start":{"line":14,"column":21},"end":{"line":14,"column":30}},"6":{"start":{"line":15,"column":2},"end":{"line":34,"column":3}},"7":{"start":{"line":16,"column":49},"end":{"line":20,"column":31}},"8":{"start":{"line":22,"column":4},"end":{"line":25,"column":5}},"9":{"start":{"line":23,"column":6},"end":{"line":23,"column":72}},"10":{"start":{"line":24,"column":6},"end":{"line":24,"column":64}},"11":{"start":{"line":27,"column":4},"end":{"line":30,"column":7}},"12":{"start":{"line":32,"column":4},"end":{"line":32,"column":44}},"13":{"start":{"line":33,"column":4},"end":{"line":33,"column":67}},"14":{"start":{"line":37,"column":25},"end":{"line":59,"column":1}},"15":{"start":{"line":38,"column":21},"end":{"line":38,"column":30}},"16":{"start":{"line":39,"column":2},"end":{"line":58,"column":3}},"17":{"start":{"line":40,"column":49},"end":{"line":44,"column":34}},"18":{"start":{"line":46,"column":4},"end":{"line":49,"column":5}},"19":{"start":{"line":47,"column":6},"end":{"line":47,"column":65}},"20":{"start":{"line":48,"column":6},"end":{"line":48,"column":64}},"21":{"start":{"line":51,"column":4},"end":{"line":54,"column":7}},"22":{"start":{"line":56,"column":4},"end":{"line":56,"column":44}},"23":{"start":{"line":57,"column":4},"end":{"line":57,"column":67}},"24":{"start":{"line":61,"column":26},"end":{"line":84,"column":1}},"25":{"start":{"line":62,"column":21},"end":{"line":62,"column":30}},"26":{"start":{"line":63,"column":2},"end":{"line":83,"column":3}},"27":{"start":{"line":64,"column":49},"end":{"line":69,"column":46}},"28":{"start":{"line":71,"column":4},"end":{"line":74,"column":5}},"29":{"start":{"line":72,"column":6},"end":{"line":72,"column":70}},"30":{"start":{"line":73,"column":6},"end":{"line":73,"column":64}},"31":{"start":{"line":76,"column":4},"end":{"line":79,"column":7}},"32":{"start":{"line":81,"column":4},"end":{"line":81,"column":44}},"33":{"start":{"line":82,"column":4},"end":{"line":82,"column":67}},"34":{"start":{"line":86,"column":18},"end":{"line":107,"column":1}},"35":{"start":{"line":87,"column":21},"end":{"line":87,"column":30}},"36":{"start":{"line":88,"column":2},"end":{"line":106,"column":3}},"37":{"start":{"line":89,"column":49},"end":{"line":92,"column":27}},"38":{"start":{"line":94,"column":4},"end":{"line":97,"column":5}},"39":{"start":{"line":95,"column":6},"end":{"line":95,"column":65}},"40":{"start":{"line":96,"column":6},"end":{"line":96,"column":64}},"41":{"start":{"line":99,"column":4},"end":{"line":102,"column":7}},"42":{"start":{"line":104,"column":4},"end":{"line":104,"column":44}},"43":{"start":{"line":105,"column":4},"end":{"line":105,"column":67}},"44":{"start":{"line":110,"column":24},"end":{"line":146,"column":1}},"45":{"start":{"line":111,"column":21},"end":{"line":111,"column":31}},"46":{"start":{"line":112,"column":21},"end":{"line":112,"column":29}},"47":{"start":{"line":114,"column":2},"end":{"line":145,"column":3}},"48":{"start":{"line":115,"column":54},"end":{"line":119,"column":15}},"49":{"start":{"line":121,"column":4},"end":{"line":125,"column":5}},"50":{"start":{"line":122,"column":6},"end":{"line":124,"column":9}},"51":{"start":{"line":127,"column":54},"end":{"line":131,"column":15}},"52":{"start":{"line":133,"column":4},"end":{"line":136,"column":5}},"53":{"start":{"line":134,"column":6},"end":{"line":134,"column":63}},"54":{"start":{"line":135,"column":6},"end":{"line":135,"column":66}},"55":{"start":{"line":138,"column":4},"end":{"line":141,"column":7}},"56":{"start":{"line":143,"column":4},"end":{"line":143,"column":44}},"57":{"start":{"line":144,"column":4},"end":{"line":144,"column":67}},"58":{"start":{"line":148,"column":26},"end":{"line":182,"column":1}},"59":{"start":{"line":149,"column":21},"end":{"line":149,"column":31}},"60":{"start":{"line":151,"column":2},"end":{"line":181,"column":3}},"61":{"start":{"line":152,"column":54},"end":{"line":156,"column":15}},"62":{"start":{"line":158,"column":4},"end":{"line":162,"column":5}},"63":{"start":{"line":159,"column":6},"end":{"line":161,"column":9}},"64":{"start":{"line":164,"column":35},"end":{"line":167,"column":27}},"65":{"start":{"line":169,"column":4},"end":{"line":172,"column":5}},"66":{"start":{"line":170,"column":6},"end":{"line":170,"column":63}},"67":{"start":{"line":171,"column":6},"end":{"line":171,"column":66}},"68":{"start":{"line":174,"column":4},"end":{"line":177,"column":7}},"69":{"start":{"line":179,"column":4},"end":{"line":179,"column":44}},"70":{"start":{"line":180,"column":4},"end":{"line":180,"column":67}},"71":{"start":{"line":184,"column":0},"end":{"line":191,"column":2}}},"fnMap":{"0":{"name":"(anonymous_0)","decl":{"start":{"line":13,"column":28},"end":{"line":13,"column":29}},"loc":{"start":{"line":13,"column":48},"end":{"line":35,"column":1}},"line":13},"1":{"name":"(anonymous_1)","decl":{"start":{"line":37,"column":25},"end":{"line":37,"column":26}},"loc":{"start":{"line":37,"column":45},"end":{"line":59,"column":1}},"line":37},"2":{"name":"(anonymous_2)","decl":{"start":{"line":61,"column":26},"end":{"line":61,"column":27}},"loc":{"start":{"line":61,"column":46},"end":{"line":84,"column":1}},"line":61},"3":{"name":"(anonymous_3)","decl":{"start":{"line":86,"column":18},"end":{"line":86,"column":19}},"loc":{"start":{"line":86,"column":38},"end":{"line":107,"column":1}},"line":86},"4":{"name":"(anonymous_4)","decl":{"start":{"line":110,"column":24},"end":{"line":110,"column":25}},"loc":{"start":{"line":110,"column":44},"end":{"line":146,"column":1}},"line":110},"5":{"name":"(anonymous_5)","decl":{"start":{"line":148,"column":26},"end":{"line":148,"column":27}},"loc":{"start":{"line":148,"column":46},"end":{"line":182,"column":1}},"line":148}},"branchMap":{"0":{"loc":{"start":{"line":22,"column":4},"end":{"line":25,"column":5}},"type":"if","locations":[{"start":{"line":22,"column":4},"end":{"line":25,"column":5}},{"start":{},"end":{}}],"line":22},"1":{"loc":{"start":{"line":46,"column":4},"end":{"line":49,"column":5}},"type":"if","locations":[{"start":{"line":46,"column":4},"end":{"line":49,"column":5}},{"start":{},"end":{}}],"line":46},"2":{"loc":{"start":{"line":71,"column":4},"end":{"line":74,"column":5}},"type":"if","locations":[{"start":{"line":71,"column":4},"end":{"line":74,"column":5}},{"start":{},"end":{}}],"line":71},"3":{"loc":{"start":{"line":94,"column":4},"end":{"line":97,"column":5}},"type":"if","locations":[{"start":{"line":94,"column":4},"end":{"line":97,"column":5}},{"start":{},"end":{}}],"line":94},"4":{"loc":{"start":{"line":121,"column":4},"end":{"line":125,"column":5}},"type":"if","locations":[{"start":{"line":121,"column":4},"end":{"line":125,"column":5}},{"start":{},"end":{}}],"line":121},"5":{"loc":{"start":{"line":121,"column":8},"end":{"line":121,"column":35}},"type":"binary-expr","locations":[{"start":{"line":121,"column":8},"end":{"line":121,"column":18}},{"start":{"line":121,"column":22},"end":{"line":121,"column":35}}],"line":121},"6":{"loc":{"start":{"line":133,"column":4},"end":{"line":136,"column":5}},"type":"if","locations":[{"start":{"line":133,"column":4},"end":{"line":136,"column":5}},{"start":{},"end":{}}],"line":133},"7":{"loc":{"start":{"line":158,"column":4},"end":{"line":162,"column":5}},"type":"if","locations":[{"start":{"line":158,"column":4},"end":{"line":162,"column":5}},{"start":{},"end":{}}],"line":158},"8":{"loc":{"start":{"line":158,"column":8},"end":{"line":158,"column":35}},"type":"binary-expr","locations":[{"start":{"line":158,"column":8},"end":{"line":158,"column":18}},{"start":{"line":158,"column":22},"end":{"line":158,"column":35}}],"line":158},"9":{"loc":{"start":{"line":169,"column":4},"end":{"line":172,"column":5}},"type":"if","locations":[{"start":{"line":169,"column":4},"end":{"line":172,"column":5}},{"start":{},"end":{}}],"line":169}},"s":{"0":3,"1":3,"2":3,"3":3,"4":3,"5":3,"6":3,"7":3,"8":2,"9":1,"10":1,"11":1,"12":1,"13":1,"14":3,"15":3,"16":3,"17":3,"18":2,"19":1,"20":1,"21":1,"22":1,"23":1,"24":3,"25":3,"26":3,"27":3,"28":2,"29":1,"30":1,"31":1,"32":1,"33":1,"34":3,"35":3,"36":3,"37":3,"38":2,"39":1,"40":1,"41":1,"42":1,"43":1,"44":3,"45":4,"46":4,"47":4,"48":4,"49":3,"50":1,"51":2,"52":2,"53":1,"54":1,"55":1,"56":1,"57":1,"58":3,"59":4,"60":4,"61":4,"62":3,"63":1,"64":2,"65":2,"66":1,"67":1,"68":1,"69":1,"70":1,"71":3},"f":{"0":3,"1":3,"2":3,"3":3,"4":4,"5":4},"b":{"0":[1,1],"1":[1,1],"2":[1,1],"3":[1,1],"4":[1,2],"5":[3,3],"6":[1,1],"7":[1,2],"8":[3,3],"9":[1,1]},"_coverageSchema":"1a1c01bbd47fc00a2c39e90264f33305004495a9","hash":"7f691f53feb1fd338684fd1daf940aa5a407e6e0"}
,"C:\\Users\\MASHEGO\\Desktop\\WritingTests\\Hiking-Logbook\\backend\\notes\\notes.controller.js": {"path":"C:\\Users\\MASHEGO\\Desktop\\WritingTests\\Hiking-Logbook\\backend\\notes\\notes.controller.js","statementMap":{"0":{"start":{"line":1,"column":25},"end":{"line":1,"column":57}},"1":{"start":{"line":2,"column":18},"end":{"line":2,"column":47}},"2":{"start":{"line":3,"column":18},"end":{"line":3,"column":52}},"3":{"start":{"line":4,"column":16},"end":{"line":9,"column":2}},"4":{"start":{"line":15,"column":16},"end":{"line":37,"column":1}},"5":{"start":{"line":16,"column":18},"end":{"line":16,"column":27}},"6":{"start":{"line":18,"column":2},"end":{"line":35,"column":3}},"7":{"start":{"line":19,"column":46},"end":{"line":22,"column":24}},"8":{"start":{"line":25,"column":4},"end":{"line":28,"column":5}},"9":{"start":{"line":26,"column":6},"end":{"line":26,"column":68}},"10":{"start":{"line":27,"column":6},"end":{"line":27,"column":66}},"11":{"start":{"line":31,"column":4},"end":{"line":31,"column":50}},"12":{"start":{"line":33,"column":4},"end":{"line":33,"column":44}},"13":{"start":{"line":34,"column":4},"end":{"line":34,"column":67}},"14":{"start":{"line":40,"column":0},"end":{"line":42,"column":1}}},"fnMap":{"0":{"name":"(anonymous_0)","decl":{"start":{"line":15,"column":16},"end":{"line":15,"column":17}},"loc":{"start":{"line":15,"column":33},"end":{"line":37,"column":1}},"line":15}},"branchMap":{"0":{"loc":{"start":{"line":25,"column":4},"end":{"line":28,"column":5}},"type":"if","locations":[{"start":{"line":25,"column":4},"end":{"line":28,"column":5}},{"start":{},"end":{}}],"line":25}},"s":{"0":3,"1":3,"2":3,"3":3,"4":3,"5":3,"6":3,"7":3,"8":2,"9":1,"10":1,"11":1,"12":1,"13":1,"14":3},"f":{"0":3},"b":{"0":[1,1]},"_coverageSchema":"1a1c01bbd47fc00a2c39e90264f33305004495a9","hash":"181725ad535a9237473e22f5a9e3d90f227350c8"}
,"C:\\Users\\MASHEGO\\Desktop\\WritingTests\\Hiking-Logbook\\backend\\routes\\routes.controller.js": {"path":"C:\\Users\\MASHEGO\\Desktop\\WritingTests\\Hiking-Logbook\\backend\\routes\\routes.controller.js","statementMap":{"0":{"start":{"line":1,"column":25},"end":{"line":1,"column":57}},"1":{"start":{"line":2,"column":18},"end":{"line":2,"column":47}},"2":{"start":{"line":3,"column":18},"end":{"line":3,"column":52}},"3":{"start":{"line":4,"column":16},"end":{"line":9,"column":2}},"4":{"start":{"line":15,"column":16},"end":{"line":37,"column":1}},"5":{"start":{"line":16,"column":19},"end":{"line":16,"column":28}},"6":{"start":{"line":18,"column":2},"end":{"line":35,"column":3}},"7":{"start":{"line":19,"column":46},"end":{"line":22,"column":26}},"8":{"start":{"line":25,"column":4},"end":{"line":28,"column":5}},"9":{"start":{"line":26,"column":6},"end":{"line":26,"column":68}},"10":{"start":{"line":27,"column":6},"end":{"line":27,"column":66}},"11":{"start":{"line":31,"column":4},"end":{"line":31,"column":50}},"12":{"start":{"line":33,"column":4},"end":{"line":33,"column":44}},"13":{"start":{"line":34,"column":4},"end":{"line":34,"column":67}},"14":{"start":{"line":40,"column":0},"end":{"line":42,"column":1}}},"fnMap":{"0":{"name":"(anonymous_0)","decl":{"start":{"line":15,"column":16},"end":{"line":15,"column":17}},"loc":{"start":{"line":15,"column":33},"end":{"line":37,"column":1}},"line":15}},"branchMap":{"0":{"loc":{"start":{"line":25,"column":4},"end":{"line":28,"column":5}},"type":"if","locations":[{"start":{"line":25,"column":4},"end":{"line":28,"column":5}},{"start":{},"end":{}}],"line":25}},"s":{"0":3,"1":3,"2":3,"3":3,"4":3,"5":3,"6":3,"7":3,"8":2,"9":1,"10":1,"11":1,"12":1,"13":1,"14":3},"f":{"0":3},"b":{"0":[1,1]},"_coverageSchema":"1a1c01bbd47fc00a2c39e90264f33305004495a9","hash":"ac6ced2b5f0dc527f088bfaaa29b5359175d5e5c"}
,"C:\\Users\\MASHEGO\\Desktop\\WritingTests\\Hiking-Logbook\\backend\\users\\users.controller.js": {"path":"C:\\Users\\MASHEGO\\Desktop\\WritingTests\\Hiking-Logbook\\backend\\users\\users.controller.js","statementMap":{"0":{"start":{"line":1,"column":25},"end":{"line":1,"column":57}},"1":{"start":{"line":2,"column":18},"end":{"line":2,"column":47}},"2":{"start":{"line":3,"column":18},"end":{"line":3,"column":52}},"3":{"start":{"line":4,"column":16},"end":{"line":9,"column":2}},"4":{"start":{"line":13,"column":17},"end":{"line":32,"column":1}},"5":{"start":{"line":14,"column":21},"end":{"line":14,"column":30}},"6":{"start":{"line":16,"column":2},"end":{"line":31,"column":3}},"7":{"start":{"line":18,"column":49},"end":{"line":19,"column":27}},"8":{"start":{"line":21,"column":4},"end":{"line":24,"column":5}},"9":{"start":{"line":22,"column":6},"end":{"line":22,"column":60}},"10":{"start":{"line":23,"column":6},"end":{"line":23,"column":64}},"11":{"start":{"line":27,"column":4},"end":{"line":27,"column":89}},"12":{"start":{"line":29,"column":4},"end":{"line":29,"column":44}},"13":{"start":{"line":30,"column":4},"end":{"line":30,"column":67}},"14":{"start":{"line":34,"column":0},"end":{"line":36,"column":1}}},"fnMap":{"0":{"name":"(anonymous_0)","decl":{"start":{"line":13,"column":17},"end":{"line":13,"column":18}},"loc":{"start":{"line":13,"column":37},"end":{"line":32,"column":1}},"line":13}},"branchMap":{"0":{"loc":{"start":{"line":21,"column":4},"end":{"line":24,"column":5}},"type":"if","locations":[{"start":{"line":21,"column":4},"end":{"line":24,"column":5}},{"start":{},"end":{}}],"line":21}},"s":{"0":3,"1":3,"2":3,"3":3,"4":3,"5":3,"6":3,"7":3,"8":2,"9":1,"10":1,"11":1,"12":1,"13":1,"14":3},"f":{"0":3},"b":{"0":[1,1]},"_coverageSchema":"1a1c01bbd47fc00a2c39e90264f33305004495a9","hash":"36351c3694c43e4b7ec471a0ad2eb27a345ba977"}
}
