TN:
SF:server.js
FN:23,(anonymous_0)
FN:61,(anonymous_1)
FN:64,(anonymous_2)
FN:81,(anonymous_3)
FN:105,(anonymous_4)
FNF:5
FNH:2
FNDA:0,(anonymous_0)
FNDA:2,(anonymous_1)
FNDA:0,(anonymous_2)
FNDA:0,(anonymous_3)
FNDA:3,(anonymous_4)
DA:1,2
DA:2,2
DA:3,2
DA:4,2
DA:5,2
DA:6,2
DA:7,2
DA:8,2
DA:10,2
DA:11,2
DA:12,2
DA:13,2
DA:14,2
DA:16,2
DA:17,2
DA:18,2
DA:19,2
DA:20,2
DA:22,2
DA:23,2
DA:24,0
DA:27,2
DA:28,2
DA:29,2
DA:36,2
DA:38,2
DA:39,2
DA:40,2
DA:41,2
DA:42,2
DA:43,2
DA:44,2
DA:46,2
DA:48,2
DA:49,2
DA:50,2
DA:52,2
DA:53,2
DA:55,2
DA:56,2
DA:57,2
DA:59,2
DA:61,2
DA:64,2
DA:65,0
DA:70,0
DA:71,0
DA:73,0
DA:81,2
DA:82,0
DA:83,0
DA:89,0
DA:90,0
DA:92,0
DA:99,2
DA:101,2
DA:105,2
DA:106,3
DA:107,3
DA:113,3
DA:114,1
DA:117,2
LF:62
LH:52
BRDA:7,0,0,2
BRDA:7,0,1,2
BRDA:70,1,0,0
BRDA:70,1,1,0
BRDA:89,2,0,0
BRDA:89,2,1,0
BRDA:113,3,0,1
BRDA:113,3,1,2
BRF:8
BRH:4
end_of_record
TN:
SF:auth\auth.controller.js
FN:14,(anonymous_0)
FN:40,(anonymous_1)
FN:59,(anonymous_2)
FNF:3
FNH:3
FNDA:2,(anonymous_0)
FNDA:2,(anonymous_1)
FNDA:2,(anonymous_2)
DA:1,3
DA:2,3
DA:3,3
DA:5,3
DA:14,3
DA:15,2
DA:17,2
DA:22,2
DA:23,1
DA:26,1
DA:33,1
DA:40,3
DA:42,2
DA:43,2
DA:45,2
DA:50,2
DA:51,1
DA:54,1
DA:59,3
DA:60,2
DA:62,2
DA:73,2
DA:74,1
DA:77,1
DA:81,3
LF:25
LH:25
BRDA:22,0,0,1
BRDA:22,0,1,1
BRDA:50,1,0,1
BRDA:50,1,1,1
BRDA:73,2,0,1
BRDA:73,2,1,1
BRF:6
BRH:6
end_of_record
TN:
SF:endpoints\weatherAPI.js
FN:6,(anonymous_0)
FNF:1
FNH:1
FNDA:3,(anonymous_0)
DA:1,2
DA:4,2
DA:6,2
DA:7,3
DA:8,3
DA:9,3
DA:12,3
DA:13,1
DA:16,2
DA:17,2
DA:21,1
DA:22,1
DA:25,1
DA:32,2
LF:14
LH:14
BRDA:12,0,0,1
BRDA:12,0,1,2
BRDA:12,1,0,3
BRDA:12,1,1,2
BRF:4
BRH:4
end_of_record
TN:
SF:friends\friends.controller.js
FN:14,(anonymous_0)
FN:45,(anonymous_1)
FN:75,(anonymous_2)
FN:104,(anonymous_3)
FNF:4
FNH:4
FNDA:4,(anonymous_0)
FNDA:4,(anonymous_1)
FNDA:4,(anonymous_2)
FNDA:4,(anonymous_3)
DA:1,3
DA:2,3
DA:3,3
DA:4,3
DA:14,3
DA:15,4
DA:17,4
DA:19,4
DA:22,3
DA:23,1
DA:24,1
DA:27,2
DA:32,2
DA:33,1
DA:34,1
DA:37,1
DA:39,1
DA:40,1
DA:45,3
DA:46,4
DA:48,4
DA:50,4
DA:53,3
DA:54,1
DA:55,1
DA:58,2
DA:61,2
DA:62,1
DA:63,1
DA:66,1
DA:68,1
DA:69,1
DA:75,3
DA:76,4
DA:78,4
DA:80,4
DA:83,3
DA:84,1
DA:85,1
DA:88,2
DA:91,2
DA:92,1
DA:93,1
DA:96,1
DA:98,1
DA:99,1
DA:104,3
DA:105,4
DA:106,4
DA:107,4
DA:113,3
DA:114,1
DA:115,1
DA:118,2
DA:119,2
DA:121,1
DA:122,1
DA:128,3
LF:58
LH:58
BRDA:22,0,0,1
BRDA:22,0,1,2
BRDA:32,1,0,1
BRDA:32,1,1,1
BRDA:53,2,0,1
BRDA:53,2,1,2
BRDA:61,3,0,1
BRDA:61,3,1,1
BRDA:83,4,0,1
BRDA:83,4,1,2
BRDA:91,5,0,1
BRDA:91,5,1,1
BRDA:113,6,0,1
BRDA:113,6,1,2
BRDA:118,7,0,2
BRDA:118,7,1,1
BRF:16
BRH:16
end_of_record
TN:
SF:goals\goals.controller.js
FN:15,(anonymous_0)
FNF:1
FNH:1
FNDA:3,(anonymous_0)
DA:1,3
DA:2,3
DA:3,3
DA:4,3
DA:15,3
DA:16,3
DA:17,3
DA:18,3
DA:24,2
DA:25,1
DA:26,1
DA:30,1
DA:32,1
DA:33,1
DA:39,3
LF:15
LH:15
BRDA:24,0,0,1
BRDA:24,0,1,1
BRF:2
BRH:2
end_of_record
TN:
SF:hikeData\CreateNewHike.js
FN:10,(anonymous_0)
FNF:1
FNH:1
FNDA:3,(anonymous_0)
DA:1,3
DA:2,3
DA:3,3
DA:4,3
DA:10,3
DA:11,3
DA:21,3
DA:22,3
DA:23,3
DA:40,2
DA:41,1
DA:44,1
DA:51,1
DA:60,3
LF:14
LH:14
BRDA:40,0,0,1
BRDA:40,0,1,1
BRF:2
BRH:2
end_of_record
TN:
SF:hikeData\hikes.controller.js
FN:13,(anonymous_0)
FN:37,(anonymous_1)
FN:61,(anonymous_2)
FN:86,(anonymous_3)
FN:110,(anonymous_4)
FN:148,(anonymous_5)
FNF:6
FNH:6
FNDA:3,(anonymous_0)
FNDA:3,(anonymous_1)
FNDA:3,(anonymous_2)
FNDA:3,(anonymous_3)
FNDA:4,(anonymous_4)
FNDA:4,(anonymous_5)
DA:1,3
DA:3,3
DA:4,3
DA:5,3
DA:13,3
DA:14,3
DA:15,3
DA:16,3
DA:22,2
DA:23,1
DA:24,1
DA:27,1
DA:32,1
DA:33,1
DA:37,3
DA:38,3
DA:39,3
DA:40,3
DA:46,2
DA:47,1
DA:48,1
DA:51,1
DA:56,1
DA:57,1
DA:61,3
DA:62,3
DA:63,3
DA:64,3
DA:71,2
DA:72,1
DA:73,1
DA:76,1
DA:81,1
DA:82,1
DA:86,3
DA:87,3
DA:88,3
DA:89,3
DA:94,2
DA:95,1
DA:96,1
DA:99,1
DA:104,1
DA:105,1
DA:110,3
DA:111,4
DA:112,4
DA:114,4
DA:115,4
DA:121,3
DA:122,1
DA:127,2
DA:133,2
DA:134,1
DA:135,1
DA:138,1
DA:143,1
DA:144,1
DA:148,3
DA:149,4
DA:151,4
DA:152,4
DA:158,3
DA:159,1
DA:164,2
DA:169,2
DA:170,1
DA:171,1
DA:174,1
DA:179,1
DA:180,1
DA:184,3
LF:72
LH:72
BRDA:22,0,0,1
BRDA:22,0,1,1
BRDA:46,1,0,1
BRDA:46,1,1,1
BRDA:71,2,0,1
BRDA:71,2,1,1
BRDA:94,3,0,1
BRDA:94,3,1,1
BRDA:121,4,0,1
BRDA:121,4,1,2
BRDA:121,5,0,3
BRDA:121,5,1,3
BRDA:133,6,0,1
BRDA:133,6,1,1
BRDA:158,7,0,1
BRDA:158,7,1,2
BRDA:158,8,0,3
BRDA:158,8,1,3
BRDA:169,9,0,1
BRDA:169,9,1,1
BRF:20
BRH:20
end_of_record
TN:
SF:notes\notes.controller.js
FN:15,(anonymous_0)
FNF:1
FNH:1
FNDA:3,(anonymous_0)
DA:1,3
DA:2,3
DA:3,3
DA:4,3
DA:15,3
DA:16,3
DA:18,3
DA:19,3
DA:25,2
DA:26,1
DA:27,1
DA:31,1
DA:33,1
DA:34,1
DA:40,3
LF:15
LH:15
BRDA:25,0,0,1
BRDA:25,0,1,1
BRF:2
BRH:2
end_of_record
TN:
SF:routes\routes.controller.js
FN:15,(anonymous_0)
FNF:1
FNH:1
FNDA:3,(anonymous_0)
DA:1,3
DA:2,3
DA:3,3
DA:4,3
DA:15,3
DA:16,3
DA:18,3
DA:19,3
DA:25,2
DA:26,1
DA:27,1
DA:31,1
DA:33,1
DA:34,1
DA:40,3
LF:15
LH:15
BRDA:25,0,0,1
BRDA:25,0,1,1
BRF:2
BRH:2
end_of_record
TN:
SF:users\users.controller.js
FN:13,(anonymous_0)
FNF:1
FNH:1
FNDA:3,(anonymous_0)
DA:1,3
DA:2,3
DA:3,3
DA:4,3
DA:13,3
DA:14,3
DA:16,3
DA:18,3
DA:21,2
DA:22,1
DA:23,1
DA:27,1
DA:29,1
DA:30,1
DA:34,3
LF:15
LH:15
BRDA:21,0,0,1
BRDA:21,0,1,1
BRF:2
BRH:2
end_of_record
